\BOOKMARK [0][-]{Desky.0}{Desky}{}% 1
\BOOKMARK [0][-]{Titulna strana.0}{Tituln\341\040strana}{}% 2
\BOOKMARK [0][-]{Bibliograficky zaznam.0}{Bibliografick\375\040z\341znam}{}% 3
\BOOKMARK [0][-]{Bibliographic Entry.0}{Bibliographic\040Entry}{}% 4
\BOOKMARK [0][-]{Abstrakt.0}{Abstrakt}{}% 5
\BOOKMARK [0][-]{Abstract.0}{Abstract}{}% 6
\BOOKMARK [0][-]{Podakovanie.0}{\376\377\000P\000o\001\017\000a\000k\000o\000v\000a\000n\000i\000e}{}% 7
\BOOKMARK [0][-]{Prehlasenie.0}{Prehl\341senie}{}% 8
\BOOKMARK [0][-]{Obsah.0}{Obsah}{}% 9
\BOOKMARK [0][-]{Uvod.0}{\332vod}{}% 10
\BOOKMARK [0][-]{chapter*.1}{\332vod}{}% 11
\BOOKMARK [0][-]{Prehlad pouzitych symbolov.0}{\376\377\000P\000r\000e\000h\001\076\000a\000d\000\040\000p\000o\000u\001\176\000i\000t\000\375\000c\000h\000\040\000s\000y\000m\000b\000o\000l\000o\000v}{}% 12
\BOOKMARK [0][-]{chapter*.2}{\376\377\000P\000r\000e\000h\001\076\000a\000d\000\040\000p\000o\000u\001\176\000i\000t\000\375\000c\000h\000\040\000s\000y\000m\000b\000o\000l\000o\000v}{}% 13
\BOOKMARK [0][-]{chapter.1}{\376\377\000L\000i\000t\000e\000r\000\341\000r\000n\000y\000\040\000p\000r\000e\000h\001\076\000a\000d}{}% 14
\BOOKMARK [1][-]{section.1.1}{Defin\355cia\040pojmov}{chapter.1}% 15
\BOOKMARK [2][-]{subsection.1.1.1}{Bibliometria}{section.1.1}% 16
\BOOKMARK [2][-]{subsection.1.1.2}{Scientometria}{section.1.1}% 17
\BOOKMARK [2][-]{subsection.1.1.3}{Informetria}{section.1.1}% 18
\BOOKMARK [2][-]{subsection.1.1.4}{Webometria}{section.1.1}% 19
\BOOKMARK [2][-]{subsection.1.1.5}{Cybermetria}{section.1.1}% 20
\BOOKMARK [2][-]{subsection.1.1.6}{Bibliometrick\351\040z\341kony}{section.1.1}% 21
\BOOKMARK [2][-]{subsection.1.1.7}{Lotkov\040z\341kon}{section.1.1}% 22
\BOOKMARK [2][-]{subsection.1.1.8}{Bradfordov\040z\341kon}{section.1.1}% 23
\BOOKMARK [2][-]{subsection.1.1.9}{Zipfov\040z\341kon}{section.1.1}% 24
\BOOKMARK [0][-]{chapter.2}{Druh\341\040kapitola\040s\040matematikou\040int\040f\(x\)\040dx\040v\040n\341zvu}{}% 25
\BOOKMARK [1][-]{section.2.1}{Podkapitola}{chapter.2}% 26
\BOOKMARK [0][-]{chapter.3}{Druh\341\040kapitola\040s\040matematikou\040int\040f\(x\)\040dx\040v\040n\341zvu}{}% 27
\BOOKMARK [1][-]{section.3.1}{Podkapitola}{chapter.3}% 28
\BOOKMARK [0][-]{chapter*.5}{Z\341ver}{}% 29
\BOOKMARK [0][-]{chapter*.6}{Pr\355loha}{}% 30
